Copyright 1986-2020 Xilinx, Inc. All Rights Reserved.
---------------------------------------------------------------------------------------------
| Tool Version : Vivado v.2020.1 (win64) Build 2902540 Wed May 27 19:54:49 MDT 2020
| Date         : Mon Jul 14 12:29:05 2025
| Host         : Osher running 64-bit major release  (build 9200)
| Command      : report_control_sets -verbose -file dc_motor_control_control_sets_placed.rpt
| Design       : dc_motor_control
| Device       : xc7a35t
---------------------------------------------------------------------------------------------

Control Set Information

Table of Contents
-----------------
1. Summary
2. Histogram
3. Flip-Flop Distribution
4. Detailed Control Set Information

1. Summary
----------

+----------------------------------------------------------+-------+
|                          Status                          | Count |
+----------------------------------------------------------+-------+
| Total control sets                                       |     7 |
|    Minimum number of control sets                        |     7 |
|    Addition due to synthesis replication                 |     0 |
|    Addition due to physical synthesis replication        |     0 |
| Unused register locations in slices containing registers |    41 |
+----------------------------------------------------------+-------+
* Control sets can be merged at opt_design using control_set_merge or merge_equivalent_drivers
** Run report_qor_suggestions for automated merging and remapping suggestions


2. Histogram
------------

+--------------------+-------+
|       Fanout       | Count |
+--------------------+-------+
| Total control sets |     7 |
| >= 0 to < 4        |     3 |
| >= 4 to < 6        |     0 |
| >= 6 to < 8        |     0 |
| >= 8 to < 10       |     0 |
| >= 10 to < 12      |     2 |
| >= 12 to < 14      |     0 |
| >= 14 to < 16      |     0 |
| >= 16              |     2 |
+--------------------+-------+
* Control sets can be remapped at either synth_design or opt_design


3. Flip-Flop Distribution
-------------------------

+--------------+-----------------------+------------------------+-----------------+--------------+
| Clock Enable | Synchronous Set/Reset | Asynchronous Set/Reset | Total Registers | Total Slices |
+--------------+-----------------------+------------------------+-----------------+--------------+
| No           | No                    | No                     |               1 |            1 |
| No           | No                    | Yes                    |               0 |            0 |
| No           | Yes                   | No                     |              20 |            8 |
| Yes          | No                    | No                     |               0 |            0 |
| Yes          | No                    | Yes                    |               0 |            0 |
| Yes          | Yes                   | No                     |              42 |           12 |
+--------------+-----------------------+------------------------+-----------------+--------------+


4. Detailed Control Set Information
-----------------------------------

+----------------+-------------------------+------------------------+------------------+----------------+--------------+
|  Clock Signal  |      Enable Signal      |    Set/Reset Signal    | Slice Load Count | Bel Load Count | Bels / Slice |
+----------------+-------------------------+------------------------+------------------+----------------+--------------+
|  CLK_IBUF_BUFG |                         |                        |                1 |              1 |         1.00 |
|  CLK_IBUF_BUFG | d1/sw_reg               | RESET_IBUF             |                1 |              1 |         1.00 |
|  CLK_IBUF_BUFG | d2/sw_reg               | RESET_IBUF             |                1 |              1 |         1.00 |
|  CLK_IBUF_BUFG |                         | sc/count[9]_i_1__1_n_0 |                3 |             10 |         3.33 |
|  CLK_IBUF_BUFG |                         | RESET_IBUF             |                5 |             10 |         2.00 |
|  CLK_IBUF_BUFG | d1/count[19]_i_1_n_0    | RESET_IBUF             |                4 |             20 |         5.00 |
|  CLK_IBUF_BUFG | d2/count[19]_i_1__0_n_0 | RESET_IBUF             |                6 |             20 |         3.33 |
+----------------+-------------------------+------------------------+------------------+----------------+--------------+


