Copyright 1986-2020 Xilinx, Inc. All Rights Reserved.
--------------------------------------------------------------------------------------------
| Tool Version : Vivado v.2020.1 (win64) Build 2902540 Wed May 27 19:54:49 MDT 2020
| Date         : Mon Jul 14 11:22:16 2025
| Host         : Osher running 64-bit major release  (build 9200)
| Command      : report_control_sets -verbose -file decimal_counter_control_sets_placed.rpt
| Design       : decimal_counter
| Device       : xc7a35t
--------------------------------------------------------------------------------------------

Control Set Information

Table of Contents
-----------------
1. Summary
2. Histogram
3. Flip-Flop Distribution
4. Detailed Control Set Information

1. Summary
----------

+----------------------------------------------------------+-------+
|                          Status                          | Count |
+----------------------------------------------------------+-------+
| Total control sets                                       |     6 |
|    Minimum number of control sets                        |     6 |
|    Addition due to synthesis replication                 |     0 |
|    Addition due to physical synthesis replication        |     0 |
| Unused register locations in slices containing registers |    21 |
+----------------------------------------------------------+-------+
* Control sets can be merged at opt_design using control_set_merge or merge_equivalent_drivers
** Run report_qor_suggestions for automated merging and remapping suggestions


2. Histogram
------------

+--------------------+-------+
|       Fanout       | Count |
+--------------------+-------+
| Total control sets |     6 |
| >= 0 to < 4        |     0 |
| >= 4 to < 6        |     3 |
| >= 6 to < 8        |     2 |
| >= 8 to < 10       |     0 |
| >= 10 to < 12      |     0 |
| >= 12 to < 14      |     0 |
| >= 14 to < 16      |     0 |
| >= 16              |     1 |
+--------------------+-------+
* Control sets can be remapped at either synth_design or opt_design


3. Flip-Flop Distribution
-------------------------

+--------------+-----------------------+------------------------+-----------------+--------------+
| Clock Enable | Synchronous Set/Reset | Asynchronous Set/Reset | Total Registers | Total Slices |
+--------------+-----------------------+------------------------+-----------------+--------------+
| No           | No                    | No                     |              13 |            6 |
| No           | No                    | Yes                    |               0 |            0 |
| No           | Yes                   | No                     |              70 |           29 |
| Yes          | No                    | No                     |               0 |            0 |
| Yes          | No                    | Yes                    |               0 |            0 |
| Yes          | Yes                   | No                     |               8 |            3 |
+--------------+-----------------------+------------------------+-----------------+--------------+


4. Detailed Control Set Information
-----------------------------------

+----------------------+---------------+------------------+------------------+----------------+--------------+
|     Clock Signal     | Enable Signal | Set/Reset Signal | Slice Load Count | Bel Load Count | Bels / Slice |
+----------------------+---------------+------------------+------------------+----------------+--------------+
|  div/clk5_reg_0      |               | cnt0/SR[0]       |                1 |              4 |         4.00 |
|  div/clk5_reg_0      | cnt0/E[0]     | cnt0/SR[0]       |                2 |              4 |         2.00 |
|  div/clk5_reg_0      | cnt1/E[0]     | cnt0/SR[0]       |                1 |              4 |         4.00 |
|  div/clk500          |               |                  |                3 |              6 |         2.00 |
|  s_r/E[0]            |               |                  |                3 |              7 |         2.33 |
|  CLK100MHZ_IBUF_BUFG |               | RESET_IBUF       |               28 |             66 |         2.36 |
+----------------------+---------------+------------------+------------------+----------------+--------------+


